2017-10-18 11:07:15,356 - __main__ - INFO - Importing data...
2017-10-18 11:07:15,712 - __main__ - INFO - Imported df includes 42156 records
2017-10-18 11:07:15,724 - __main__ - INFO - After restricting df to Research Grants only, the df has 42156 records
2017-10-18 11:09:48,520 - __main__ - INFO - After removing blank titles or abstracts, the df has 42145 records
2017-10-18 11:09:51,071 - __main__ - INFO - The program took 2.5952532331148785 minutes to complete
2017-10-18 21:03:56,670 - __main__ - INFO - Importing data...
2017-10-18 21:03:57,038 - __main__ - INFO - Imported df includes 42156 records
2017-10-18 21:03:57,051 - __main__ - INFO - After restricting df to Research Grants only, the df has 42156 records
2017-10-18 21:09:55,440 - __main__ - INFO - Importing data...
2017-10-18 21:09:55,804 - __main__ - INFO - Imported df includes 42156 records
2017-10-18 21:09:55,818 - __main__ - INFO - After restricting df to Research Grants only, the df has 42156 records
2017-10-18 21:10:11,324 - __main__ - INFO - Importing data...
2017-10-18 21:10:11,680 - __main__ - INFO - Imported df includes 42156 records
2017-10-18 21:10:11,691 - __main__ - INFO - After restricting df to Research Grants only, the df has 42156 records
2017-10-18 21:10:29,222 - __main__ - INFO - Importing data...
2017-10-18 21:10:29,590 - __main__ - INFO - Imported df includes 42156 records
2017-10-18 21:10:29,603 - __main__ - INFO - After restricting df to Research Grants only, the df has 42156 records
2017-10-18 21:11:25,601 - __main__ - INFO - Importing data...
2017-10-18 21:11:25,956 - __main__ - INFO - Imported df includes 42156 records
2017-10-18 21:11:25,968 - __main__ - INFO - After restricting df to Research Grants only, the df has 42156 records
2017-10-18 21:13:26,107 - __main__ - INFO - After removing blank titles or abstracts, the df has 42145 records
2017-10-18 21:13:28,944 - __main__ - INFO - The program took 2.0557140509287515 minutes to complete
2018-04-06 22:44:45,924 - __main__ - INFO - Importing data...
2018-04-06 22:49:54,591 - __main__ - INFO - Importing data...
2018-04-06 22:49:55,104 - __main__ - INFO - Imported df includes 43734 records
2018-04-06 22:49:55,122 - __main__ - INFO - After restricting df to Research Grants only, the df has 43734 records
2018-04-06 22:52:39,362 - __main__ - INFO - After removing blank titles or abstracts, the df has 43723 records
2018-04-06 22:52:42,908 - __main__ - INFO - The program took 2.8052740971247356 minutes to complete
2018-04-09 08:38:51,861 - __main__ - INFO - Importing data...
2018-04-09 08:38:52,197 - __main__ - INFO - Imported df includes 43734 records
2018-04-09 08:38:52,212 - __main__ - INFO - After restricting df to Research Grants only, the df has 43734 records
2018-04-09 08:39:46,825 - __main__ - INFO - Importing data...
2018-04-09 08:39:47,149 - __main__ - INFO - Imported df includes 43734 records
2018-04-09 08:39:47,160 - __main__ - INFO - After restricting df to Research Grants only, the df has 43734 records
2018-04-09 08:42:40,864 - __main__ - INFO - After removing blank titles or abstracts, the df has 43723 records
2018-04-09 08:42:43,047 - __main__ - INFO - The program took 2.93704111178716 minutes to complete
2018-04-19 11:19:11,783 - __main__ - INFO - Importing data...
2018-04-19 11:19:12,411 - __main__ - INFO - Imported df includes 75106 records
2018-04-19 11:19:12,428 - __main__ - INFO - After restricting df to Research Grants only, the df has 43734 records
2018-04-19 11:21:31,172 - __main__ - INFO - After removing blank titles or abstracts, the df has 43723 records
2018-04-19 11:21:33,715 - __main__ - INFO - The program took 2.3655264139175416 minutes to complete
2018-04-19 11:42:11,391 - __main__ - INFO - Importing data...
2018-04-19 11:47:42,641 - __main__ - INFO - After removing blank titles or abstracts, the df has 75092 records
2018-04-19 11:47:46,116 - __main__ - INFO - The program took 5.578753781318665 minutes to complete
