2017-10-18 21:21:01,946 - __main__ - INFO - Imported df includes 42145 records
2017-10-18 21:21:07,392 - __main__ - INFO - Converted dates into datetime format.
2017-10-18 21:21:07,403 - __main__ - INFO - 149 records were dropped because the project started before the year 2000.
2017-10-18 21:21:07,414 - __main__ - INFO - 445 records were dropped because the start date was recorded as later than the end date.
2017-10-18 21:21:07,444 - __main__ - INFO - Calculated durations.
2017-10-18 21:21:16,231 - __main__ - INFO - There are 26 years in the data
2017-10-18 21:21:17,023 - __main__ - INFO - Calculated summaries of data.
2017-10-18 21:21:50,387 - __main__ - INFO - Imported df includes 42145 records
2017-10-18 21:21:55,826 - __main__ - INFO - Converted dates into datetime format.
2017-10-18 21:21:55,836 - __main__ - INFO - 149 records were dropped because the project started before the year 2000.
2017-10-18 21:21:55,846 - __main__ - INFO - 445 records were dropped because the start date was recorded as later than the end date.
2017-10-18 21:21:55,873 - __main__ - INFO - Calculated durations.
2017-10-18 21:22:05,034 - __main__ - INFO - There are 26 years in the data
2017-10-18 21:22:05,783 - __main__ - INFO - Calculated summaries of data.
2017-10-18 21:23:07,904 - __main__ - INFO - Imported df includes 42145 records
2017-10-18 21:23:13,330 - __main__ - INFO - Converted dates into datetime format.
2017-10-18 21:23:13,340 - __main__ - INFO - 149 records were dropped because the project started before the year 2000.
2017-10-18 21:23:13,351 - __main__ - INFO - 445 records were dropped because the start date was recorded as later than the end date.
2017-10-18 21:23:13,379 - __main__ - INFO - Calculated durations.
2017-10-18 21:23:22,227 - __main__ - INFO - There are 26 years in the data
2017-10-18 21:23:22,963 - __main__ - INFO - Calculated summaries of data.
2017-10-18 21:40:36,378 - __main__ - INFO - Imported df includes 42145 records
2017-10-18 21:40:41,800 - __main__ - INFO - Converted dates into datetime format.
2017-10-18 21:40:41,813 - __main__ - INFO - 149 records were dropped because the project started before the year 2000.
2017-10-18 21:40:41,825 - __main__ - INFO - 445 records were dropped because the start date was recorded as later than the end date.
2017-10-18 21:43:03,434 - __main__ - INFO - Imported df includes 42145 records
2017-10-18 21:43:08,818 - __main__ - INFO - Converted dates into datetime format.
2017-10-18 21:43:08,828 - __main__ - INFO - 149 records were dropped because the project started before the year 2000.
2017-10-18 21:43:08,838 - __main__ - INFO - 445 records were dropped because the start date was recorded as later than the end date.
2017-10-18 21:43:08,851 - __main__ - INFO - There are 26 years in the data
2017-10-18 21:44:10,206 - __main__ - INFO - Imported df includes 42145 records
2017-10-18 21:44:15,664 - __main__ - INFO - Converted dates into datetime format.
2017-10-18 21:44:15,673 - __main__ - INFO - 149 records were dropped because the project started before the year 2000.
2017-10-18 21:44:15,684 - __main__ - INFO - 445 records were dropped because the start date was recorded as later than the end date.
2017-10-18 21:44:15,697 - __main__ - INFO - There are 26 years in the data
2017-10-18 21:49:45,436 - __main__ - INFO - Imported df includes 42145 records
2017-10-18 21:49:51,034 - __main__ - INFO - Converted dates into datetime format.
2017-10-18 21:49:51,044 - __main__ - INFO - 149 records were dropped because the project started before the year 2000.
2017-10-18 21:49:51,055 - __main__ - INFO - 445 records were dropped because the start date was recorded as later than the end date.
2017-10-18 21:49:51,068 - __main__ - INFO - There are 26 years in the data
2017-10-18 21:53:51,885 - __main__ - INFO - Imported df includes 42145 records
2017-10-18 21:53:57,328 - __main__ - INFO - Converted dates into datetime format.
2017-10-18 21:53:57,338 - __main__ - INFO - 149 records were dropped because the project started before the year 2000.
2017-10-18 21:53:57,351 - __main__ - INFO - 445 records were dropped because the start date was recorded as later than the end date.
2017-10-18 21:53:57,366 - __main__ - INFO - There are 26 years in the data
2017-10-18 21:54:24,705 - __main__ - INFO - Imported df includes 42145 records
2017-10-18 21:54:30,172 - __main__ - INFO - Converted dates into datetime format.
2017-10-18 21:54:30,183 - __main__ - INFO - 149 records were dropped because the project started before the year 2000.
2017-10-18 21:54:30,194 - __main__ - INFO - 445 records were dropped because the start date was recorded as later than the end date.
2017-10-18 21:54:30,208 - __main__ - INFO - There are 26 years in the data
2017-10-18 21:56:28,868 - __main__ - INFO - Imported df includes 42145 records
2017-10-18 21:56:34,265 - __main__ - INFO - Converted dates into datetime format.
2017-10-18 21:56:34,275 - __main__ - INFO - 149 records were dropped because the project started before the year 2000.
2017-10-18 21:56:34,287 - __main__ - INFO - 445 records were dropped because the start date was recorded as later than the end date.
2017-10-18 21:56:34,300 - __main__ - INFO - There are 26 years in the data
2017-10-18 21:56:55,861 - __main__ - INFO - Imported df includes 42145 records
2017-10-18 21:57:01,267 - __main__ - INFO - Converted dates into datetime format.
2017-10-18 21:57:01,277 - __main__ - INFO - 149 records were dropped because the project started before the year 2000.
2017-10-18 21:57:01,287 - __main__ - INFO - 445 records were dropped because the start date was recorded as later than the end date.
2017-10-18 21:57:01,302 - __main__ - INFO - There are 26 years in the data
2017-10-18 21:58:42,787 - __main__ - INFO - Imported df includes 42145 records
2017-10-18 21:58:48,185 - __main__ - INFO - Converted dates into datetime format.
2017-10-18 21:58:48,198 - __main__ - INFO - 149 records were dropped because the project started before the year 2000.
2017-10-18 21:58:48,209 - __main__ - INFO - 445 records were dropped because the start date was recorded as later than the end date.
2017-10-18 21:58:48,223 - __main__ - INFO - There are 26 years in the data
2017-10-18 22:00:31,393 - __main__ - INFO - Imported df includes 42145 records
2017-10-18 22:00:36,760 - __main__ - INFO - Converted dates into datetime format.
2017-10-18 22:00:36,770 - __main__ - INFO - 149 records were dropped because the project started before the year 2000.
2017-10-18 22:00:36,781 - __main__ - INFO - 445 records were dropped because the start date was recorded as later than the end date.
2017-10-18 22:00:36,794 - __main__ - INFO - There are 26 years in the data
2017-10-18 22:00:47,559 - __main__ - INFO - Imported df includes 42145 records
2017-10-18 22:00:52,905 - __main__ - INFO - Converted dates into datetime format.
2017-10-18 22:00:52,915 - __main__ - INFO - 149 records were dropped because the project started before the year 2000.
2017-10-18 22:00:52,926 - __main__ - INFO - 445 records were dropped because the start date was recorded as later than the end date.
2017-10-18 22:00:52,939 - __main__ - INFO - There are 26 years in the data
2017-10-18 22:00:52,983 - __main__ - INFO - Calculated annual spend
2017-10-18 22:01:02,595 - __main__ - INFO - Calculated summaries of data.
2017-10-18 22:01:21,516 - __main__ - INFO - Imported df includes 42145 records
2017-10-18 22:01:27,561 - __main__ - INFO - Converted dates into datetime format.
2017-10-18 22:01:27,574 - __main__ - INFO - 149 records were dropped because the project started before the year 2000.
2017-10-18 22:01:27,590 - __main__ - INFO - 445 records were dropped because the start date was recorded as later than the end date.
2017-10-18 22:01:27,608 - __main__ - INFO - There are 26 years in the data
2017-10-18 22:01:27,714 - __main__ - INFO - Calculated annual spend
2017-10-18 22:01:37,827 - __main__ - INFO - Calculated summaries of data.
2017-10-18 22:02:30,400 - __main__ - INFO - Imported df includes 42145 records
2017-10-18 22:02:35,871 - __main__ - INFO - Converted dates into datetime format.
2017-10-18 22:02:35,886 - __main__ - INFO - 149 records were dropped because the project started before the year 2000.
2017-10-18 22:02:35,897 - __main__ - INFO - 445 records were dropped because the start date was recorded as later than the end date.
2017-10-18 22:02:35,912 - __main__ - INFO - There are 26 years in the data
2017-10-18 22:02:36,433 - __main__ - INFO - Calculated annual spend
2017-10-18 22:02:46,244 - __main__ - INFO - Calculated summaries of data.
2017-10-18 22:04:27,754 - __main__ - INFO - Imported df includes 42145 records
2017-10-18 22:04:33,679 - __main__ - INFO - Converted dates into datetime format.
2017-10-18 22:04:33,689 - __main__ - INFO - 149 records were dropped because the project started before the year 2000.
2017-10-18 22:04:33,699 - __main__ - INFO - 445 records were dropped because the start date was recorded as later than the end date.
2017-10-18 22:04:33,713 - __main__ - INFO - There are 26 years in the data
2017-10-18 22:04:34,269 - __main__ - INFO - Calculated annual spend
2017-10-18 22:04:45,026 - __main__ - INFO - Calculated summaries of data.
2017-10-18 22:06:39,259 - __main__ - INFO - Imported df includes 42145 records
2017-10-18 22:06:44,694 - __main__ - INFO - Converted dates into datetime format.
2017-10-18 22:06:44,703 - __main__ - INFO - 123 records were dropped because the project started before the year 2000.
2017-10-18 22:06:44,714 - __main__ - INFO - 445 records were dropped because the start date was recorded as later than the end date.
2017-10-18 22:06:44,728 - __main__ - INFO - There are 27 years in the data
2017-10-18 22:06:45,255 - __main__ - INFO - Calculated annual spend
2017-10-18 22:06:55,616 - __main__ - INFO - Calculated summaries of data.
2017-10-18 22:07:26,939 - __main__ - INFO - Imported df includes 42145 records
2017-10-18 22:07:32,352 - __main__ - INFO - Converted dates into datetime format.
2017-10-18 22:07:32,363 - __main__ - INFO - 123 records were dropped because the project started before the year 2000.
2017-10-18 22:07:32,374 - __main__ - INFO - 445 records were dropped because the start date was recorded as later than the end date.
2017-10-18 22:07:32,387 - __main__ - INFO - There are 27 years in the data
2017-10-18 22:07:32,980 - __main__ - INFO - Calculated annual spend
2017-10-18 22:07:43,490 - __main__ - INFO - Calculated summaries of data.
2017-10-18 22:27:53,454 - __main__ - INFO - Imported df includes 42145 records
2017-10-18 22:27:59,033 - __main__ - INFO - Converted dates into datetime format.
2017-10-18 22:27:59,044 - __main__ - INFO - 123 records were dropped because the project started before the year 2000.
2017-10-18 22:27:59,055 - __main__ - INFO - 445 records were dropped because the start date was recorded as later than the end date.
2017-10-18 22:27:59,069 - __main__ - INFO - There are 27 years in the data
2017-10-18 22:27:59,574 - __main__ - INFO - Calculated annual spend
2017-10-18 22:28:09,576 - __main__ - INFO - Calculated summaries of data.
2017-10-18 22:30:55,921 - __main__ - INFO - Imported df includes 42145 records
2017-10-18 22:31:01,906 - __main__ - INFO - Converted dates into datetime format.
2017-10-18 22:31:01,916 - __main__ - INFO - 123 records were dropped because the project started before the year 2000.
2017-10-18 22:31:01,926 - __main__ - INFO - 445 records were dropped because the start date was recorded as later than the end date.
2017-10-18 22:31:01,940 - __main__ - INFO - There are 27 years in the data
2017-10-18 22:31:02,449 - __main__ - INFO - Calculated annual spend
2017-10-18 22:31:12,647 - __main__ - INFO - Calculated summaries of data.
2017-10-18 22:33:21,901 - __main__ - INFO - Imported df includes 42145 records
2017-10-18 22:33:27,345 - __main__ - INFO - Converted dates into datetime format.
2017-10-18 22:33:27,355 - __main__ - INFO - 123 records were dropped because the project started before the year 2000.
2017-10-18 22:33:27,367 - __main__ - INFO - 445 records were dropped because the start date was recorded as later than the end date.
2017-10-18 22:33:27,381 - __main__ - INFO - There are 27 years in the data
2017-10-18 22:33:27,878 - __main__ - INFO - Calculated annual spend
2017-10-18 22:33:37,675 - __main__ - INFO - Calculated summaries of data.
2017-10-18 22:36:35,082 - __main__ - INFO - Imported df includes 42145 records
2017-10-18 22:36:40,456 - __main__ - INFO - Converted dates into datetime format.
2017-10-18 22:36:40,466 - __main__ - INFO - 123 records were dropped because the project started before the year 2000.
2017-10-18 22:36:40,478 - __main__ - INFO - 445 records were dropped because the start date was recorded as later than the end date.
2017-10-18 22:36:40,492 - __main__ - INFO - There are 27 years in the data
2017-10-18 22:36:40,986 - __main__ - INFO - Calculated annual spend
2017-10-18 22:36:51,459 - __main__ - INFO - Calculated summaries of data.
2017-10-18 22:39:46,829 - __main__ - INFO - Imported df includes 42145 records
2017-10-18 22:39:52,289 - __main__ - INFO - Converted dates into datetime format.
2017-10-18 22:39:52,300 - __main__ - INFO - 123 records were dropped because the project started before the year 2000.
2017-10-18 22:39:52,311 - __main__ - INFO - 445 records were dropped because the start date was recorded as later than the end date.
2017-10-18 22:39:52,324 - __main__ - INFO - There are 27 years in the data
2017-10-18 22:39:52,819 - __main__ - INFO - Calculated annual spend
2017-10-18 22:40:03,266 - __main__ - INFO - Calculated summaries of data.
2017-10-18 22:40:33,496 - __main__ - INFO - Imported df includes 42145 records
2017-10-18 22:40:38,864 - __main__ - INFO - Converted dates into datetime format.
2017-10-18 22:40:38,874 - __main__ - INFO - 123 records were dropped because the project started before the year 2000.
2017-10-18 22:40:38,884 - __main__ - INFO - 445 records were dropped because the start date was recorded as later than the end date.
2017-10-18 22:40:38,898 - __main__ - INFO - There are 27 years in the data
2017-10-18 22:40:39,398 - __main__ - INFO - Calculated annual spend
2017-10-18 22:40:49,757 - __main__ - INFO - Calculated summaries of data.
2017-10-18 22:42:40,214 - __main__ - INFO - Imported df includes 42145 records
2017-10-18 22:42:45,686 - __main__ - INFO - Converted dates into datetime format.
2017-10-18 22:42:45,697 - __main__ - INFO - 123 records were dropped because the project started before the year 2000.
2017-10-18 22:42:45,708 - __main__ - INFO - 445 records were dropped because the start date was recorded as later than the end date.
2017-10-18 22:42:45,722 - __main__ - INFO - There are 27 years in the data
2017-10-18 22:42:46,229 - __main__ - INFO - Calculated annual spend
2017-10-18 22:42:56,523 - __main__ - INFO - Calculated summaries of data.
2017-10-18 22:47:59,429 - __main__ - INFO - Imported df includes 42145 records
2017-10-18 22:48:04,771 - __main__ - INFO - Converted dates into datetime format.
2017-10-18 22:48:04,780 - __main__ - INFO - 123 records were dropped because the project started before the year 2000.
2017-10-18 22:48:04,791 - __main__ - INFO - 445 records were dropped because the start date was recorded as later than the end date.
2017-10-18 22:48:04,805 - __main__ - INFO - There are 27 years in the data
2017-10-18 22:48:05,295 - __main__ - INFO - Calculated annual spend
2017-10-18 22:48:15,583 - __main__ - INFO - Calculated summaries of data.
2017-10-18 22:51:33,393 - __main__ - INFO - Imported df includes 42145 records
2017-10-18 22:51:38,970 - __main__ - INFO - Converted dates into datetime format.
2017-10-18 22:51:38,980 - __main__ - INFO - 123 records were dropped because the project started before the year 2000.
2017-10-18 22:51:38,991 - __main__ - INFO - 445 records were dropped because the start date was recorded as later than the end date.
2017-10-18 22:51:39,005 - __main__ - INFO - There are 27 years in the data
2017-10-18 22:51:39,535 - __main__ - INFO - Calculated annual spend
2017-10-18 22:51:49,927 - __main__ - INFO - Calculated summaries of data.
2017-10-18 22:54:00,658 - __main__ - INFO - Imported df includes 42145 records
2017-10-18 22:54:06,523 - __main__ - INFO - Converted dates into datetime format.
2017-10-18 22:54:06,536 - __main__ - INFO - 123 records were dropped because the project started before the year 2000.
2017-10-18 22:54:06,548 - __main__ - INFO - 445 records were dropped because the start date was recorded as later than the end date.
2017-10-18 22:54:06,564 - __main__ - INFO - There are 27 years in the data
2017-10-18 22:54:07,087 - __main__ - INFO - Calculated annual spend
2017-10-18 22:54:44,588 - __main__ - INFO - Imported df includes 42145 records
2017-10-18 22:54:49,957 - __main__ - INFO - Converted dates into datetime format.
2017-10-18 22:54:49,967 - __main__ - INFO - 123 records were dropped because the project started before the year 2000.
2017-10-18 22:54:49,977 - __main__ - INFO - 445 records were dropped because the start date was recorded as later than the end date.
2017-10-18 22:54:49,991 - __main__ - INFO - There are 27 years in the data
2017-10-18 22:54:50,509 - __main__ - INFO - Calculated annual spend
2017-10-18 22:55:00,789 - __main__ - INFO - Calculated summaries of data.
2017-10-18 22:59:09,249 - __main__ - INFO - Imported df includes 42145 records
2017-10-18 22:59:14,945 - __main__ - INFO - Converted dates into datetime format.
2017-10-18 22:59:14,956 - __main__ - INFO - 123 records were dropped because the project started before the year 2000.
2017-10-18 22:59:14,967 - __main__ - INFO - 445 records were dropped because the start date was recorded as later than the end date.
2017-10-18 22:59:14,981 - __main__ - INFO - There are 27 years in the data
2017-10-18 22:59:15,596 - __main__ - INFO - Calculated annual spend
2017-10-18 22:59:26,607 - __main__ - INFO - Calculated summaries of data.
2017-10-19 09:41:26,368 - __main__ - INFO - Imported df includes 42145 records
2017-10-19 09:41:32,395 - __main__ - INFO - Converted dates into datetime format.
2017-10-19 09:41:32,411 - __main__ - INFO - 123 records were dropped because the project started before the year 2000.
2017-10-19 09:41:32,429 - __main__ - INFO - 445 records were dropped because the start date was recorded as later than the end date.
2017-10-19 09:41:32,451 - __main__ - INFO - There are 27 years in the data
2017-10-19 09:41:33,197 - __main__ - INFO - Calculated annual spend
2017-10-19 09:43:06,697 - __main__ - INFO - Imported df includes 42145 records
2017-10-19 09:43:12,331 - __main__ - INFO - Converted dates into datetime format.
2017-10-19 09:43:12,342 - __main__ - INFO - 123 records were dropped because the project started before the year 2000.
2017-10-19 09:43:12,354 - __main__ - INFO - 445 records were dropped because the start date was recorded as later than the end date.
2017-10-19 09:43:12,369 - __main__ - INFO - There are 27 years in the data
2017-10-19 09:43:12,859 - __main__ - INFO - Calculated annual spend
2017-10-19 09:43:23,109 - __main__ - INFO - Calculated summaries of data.
2017-10-19 09:45:21,900 - __main__ - INFO - Imported df includes 42145 records
2017-10-19 09:45:27,563 - __main__ - INFO - Converted dates into datetime format.
2017-10-19 09:45:27,575 - __main__ - INFO - 123 records were dropped because the project started before the year 2000.
2017-10-19 09:45:27,588 - __main__ - INFO - 445 records were dropped because the start date was recorded as later than the end date.
2017-10-19 09:45:27,603 - __main__ - INFO - There are 27 years in the data
2017-10-19 09:45:28,117 - __main__ - INFO - Calculated annual spend
2017-10-19 09:45:38,356 - __main__ - INFO - Calculated summaries of data.
2017-10-19 09:53:01,697 - __main__ - INFO - Imported df includes 42145 records
2017-10-19 09:53:06,910 - __main__ - INFO - Converted dates into datetime format.
2017-10-19 09:53:06,921 - __main__ - INFO - 123 records were dropped because the project started before the year 2000.
2017-10-19 09:53:06,932 - __main__ - INFO - 445 records were dropped because the start date was recorded as later than the end date.
2017-10-19 09:53:06,945 - __main__ - INFO - There are 27 years in the data
2017-10-19 09:53:07,466 - __main__ - INFO - Calculated annual spend
2017-10-19 09:53:36,474 - __main__ - INFO - Calculated summaries of data.
2017-10-27 11:34:51,673 - __main__ - INFO - Imported df includes 42145 records
2017-10-27 11:34:56,977 - __main__ - INFO - Converted dates into datetime format.
2017-10-27 11:34:56,991 - __main__ - INFO - 123 records were dropped because the project started before the year 2000.
2017-10-27 11:34:57,003 - __main__ - INFO - 445 records were dropped because the start date was recorded as later than the end date.
2017-10-27 11:34:57,017 - __main__ - INFO - There are 27 years in the data
2017-10-27 11:34:57,543 - __main__ - INFO - Calculated annual spend
2017-10-27 11:35:29,733 - __main__ - INFO - Calculated summaries of data.
2017-10-27 14:02:46,569 - __main__ - INFO - Imported df includes 42145 records
2017-10-27 14:02:52,189 - __main__ - INFO - Converted dates into datetime format.
2017-10-27 14:02:52,203 - __main__ - INFO - 123 records were dropped because the project started before the year 2000.
2017-10-27 14:02:52,215 - __main__ - INFO - 445 records were dropped because the start date was recorded as later than the end date.
2017-10-27 14:02:52,230 - __main__ - INFO - There are 27 years in the data
2017-10-27 14:02:52,772 - __main__ - INFO - Calculated annual spend
2017-10-27 14:03:26,257 - __main__ - INFO - Calculated summaries of data.
2017-10-27 14:19:22,048 - __main__ - INFO - Imported df includes 42145 records
2017-10-27 14:19:27,709 - __main__ - INFO - Converted dates into datetime format.
2017-10-27 14:19:27,722 - __main__ - INFO - 123 records were dropped because the project started before the year 2000.
2017-10-27 14:19:27,734 - __main__ - INFO - 445 records were dropped because the start date was recorded as later than the end date.
2017-10-27 14:19:27,749 - __main__ - INFO - There are 27 years in the data
2017-10-27 14:19:43,303 - __main__ - INFO - Imported df includes 42145 records
2017-10-27 14:19:48,956 - __main__ - INFO - Converted dates into datetime format.
2017-10-27 14:19:48,967 - __main__ - INFO - 123 records were dropped because the project started before the year 2000.
2017-10-27 14:19:48,979 - __main__ - INFO - 445 records were dropped because the start date was recorded as later than the end date.
2017-10-27 14:19:48,995 - __main__ - INFO - There are 27 years in the data
2017-10-27 14:20:53,841 - __main__ - INFO - Imported df includes 42145 records
2017-10-27 14:20:59,451 - __main__ - INFO - Converted dates into datetime format.
2017-10-27 14:20:59,462 - __main__ - INFO - 123 records were dropped because the project started before the year 2000.
2017-10-27 14:20:59,474 - __main__ - INFO - 445 records were dropped because the start date was recorded as later than the end date.
2017-10-27 14:20:59,489 - __main__ - INFO - There are 27 years in the data
2017-10-27 14:21:00,057 - __main__ - INFO - Calculated annual spend
2017-10-27 14:21:29,626 - __main__ - INFO - Imported df includes 42145 records
2017-10-27 14:21:35,208 - __main__ - INFO - Converted dates into datetime format.
2017-10-27 14:21:35,219 - __main__ - INFO - 123 records were dropped because the project started before the year 2000.
2017-10-27 14:21:35,231 - __main__ - INFO - 445 records were dropped because the start date was recorded as later than the end date.
2017-10-27 14:21:35,245 - __main__ - INFO - There are 27 years in the data
2017-10-27 14:21:35,760 - __main__ - INFO - Calculated annual spend
2017-10-27 14:22:08,363 - __main__ - INFO - Calculated summaries of data.
2017-10-27 14:22:34,637 - __main__ - INFO - Imported df includes 42145 records
2017-10-27 14:22:40,312 - __main__ - INFO - Converted dates into datetime format.
2017-10-27 14:22:40,322 - __main__ - INFO - 123 records were dropped because the project started before the year 2000.
2017-10-27 14:22:40,334 - __main__ - INFO - 445 records were dropped because the start date was recorded as later than the end date.
2017-10-27 14:22:40,350 - __main__ - INFO - There are 27 years in the data
2017-10-27 14:22:41,669 - __main__ - INFO - Calculated annual spend
2017-10-27 14:23:02,499 - __main__ - INFO - Imported df includes 42145 records
2017-10-27 14:23:08,109 - __main__ - INFO - Converted dates into datetime format.
2017-10-27 14:23:08,119 - __main__ - INFO - 123 records were dropped because the project started before the year 2000.
2017-10-27 14:23:08,131 - __main__ - INFO - 445 records were dropped because the start date was recorded as later than the end date.
2017-10-27 14:23:08,145 - __main__ - INFO - There are 27 years in the data
2017-10-27 14:23:09,453 - __main__ - INFO - Calculated annual spend
2017-10-27 14:24:01,068 - __main__ - INFO - Imported df includes 42145 records
2017-10-27 14:24:06,711 - __main__ - INFO - Converted dates into datetime format.
2017-10-27 14:24:06,722 - __main__ - INFO - 123 records were dropped because the project started before the year 2000.
2017-10-27 14:24:06,734 - __main__ - INFO - 445 records were dropped because the start date was recorded as later than the end date.
2017-10-27 14:24:06,748 - __main__ - INFO - There are 27 years in the data
2017-10-27 14:24:08,051 - __main__ - INFO - Calculated annual spend
2017-10-27 14:24:39,702 - __main__ - INFO - Calculated summaries of data.
2017-10-27 14:25:18,702 - __main__ - INFO - Imported df includes 42145 records
2017-10-27 14:25:24,284 - __main__ - INFO - Converted dates into datetime format.
2017-10-27 14:25:24,296 - __main__ - INFO - 123 records were dropped because the project started before the year 2000.
2017-10-27 14:25:24,307 - __main__ - INFO - 445 records were dropped because the start date was recorded as later than the end date.
2017-10-27 14:25:24,321 - __main__ - INFO - There are 27 years in the data
2017-10-27 14:25:25,613 - __main__ - INFO - Calculated annual spend
2017-10-27 14:25:52,456 - __main__ - INFO - Imported df includes 42145 records
2017-10-27 14:25:58,054 - __main__ - INFO - Converted dates into datetime format.
2017-10-27 14:25:58,065 - __main__ - INFO - 123 records were dropped because the project started before the year 2000.
2017-10-27 14:25:58,077 - __main__ - INFO - 445 records were dropped because the start date was recorded as later than the end date.
2017-10-27 14:25:58,092 - __main__ - INFO - There are 27 years in the data
2017-10-27 14:25:59,395 - __main__ - INFO - Calculated annual spend
2017-10-27 14:26:22,786 - __main__ - INFO - Imported df includes 42145 records
2017-10-27 14:26:28,554 - __main__ - INFO - Converted dates into datetime format.
2017-10-27 14:26:28,566 - __main__ - INFO - 123 records were dropped because the project started before the year 2000.
2017-10-27 14:26:28,578 - __main__ - INFO - 445 records were dropped because the start date was recorded as later than the end date.
2017-10-27 14:26:28,593 - __main__ - INFO - There are 27 years in the data
2017-10-27 14:27:34,712 - __main__ - INFO - Imported df includes 42145 records
2017-10-27 14:27:40,435 - __main__ - INFO - Converted dates into datetime format.
2017-10-27 14:27:40,446 - __main__ - INFO - 123 records were dropped because the project started before the year 2000.
2017-10-27 14:27:40,458 - __main__ - INFO - 445 records were dropped because the start date was recorded as later than the end date.
2017-10-27 14:27:40,474 - __main__ - INFO - There are 27 years in the data
2017-10-27 14:35:24,836 - __main__ - INFO - Imported df includes 42145 records
2017-10-27 14:35:30,533 - __main__ - INFO - Converted dates into datetime format.
2017-10-27 14:35:30,544 - __main__ - INFO - 123 records were dropped because the project started before the year 2000.
2017-10-27 14:35:30,556 - __main__ - INFO - 445 records were dropped because the start date was recorded as later than the end date.
2017-10-27 14:35:30,571 - __main__ - INFO - There are 27 years in the data
2017-10-27 14:42:17,138 - __main__ - INFO - Imported df includes 42145 records
2017-10-27 14:42:22,670 - __main__ - INFO - Converted dates into datetime format.
2017-10-27 14:42:22,680 - __main__ - INFO - 123 records were dropped because the project started before the year 2000.
2017-10-27 14:42:22,692 - __main__ - INFO - 445 records were dropped because the start date was recorded as later than the end date.
2017-10-27 14:42:22,706 - __main__ - INFO - There are 27 years in the data
2017-10-27 14:42:46,670 - __main__ - INFO - Imported df includes 42145 records
2017-10-27 14:42:51,888 - __main__ - INFO - Converted dates into datetime format.
2017-10-27 14:42:51,898 - __main__ - INFO - 123 records were dropped because the project started before the year 2000.
2017-10-27 14:42:51,909 - __main__ - INFO - 445 records were dropped because the start date was recorded as later than the end date.
2017-10-27 14:42:51,922 - __main__ - INFO - There are 27 years in the data
2017-10-27 14:43:11,402 - __main__ - INFO - Imported df includes 42145 records
2017-10-27 14:43:16,742 - __main__ - INFO - Converted dates into datetime format.
2017-10-27 14:43:16,753 - __main__ - INFO - 123 records were dropped because the project started before the year 2000.
2017-10-27 14:43:16,764 - __main__ - INFO - 445 records were dropped because the start date was recorded as later than the end date.
2017-10-27 14:43:16,779 - __main__ - INFO - There are 27 years in the data
2017-10-27 14:44:57,252 - __main__ - INFO - Imported df includes 42145 records
2017-10-27 14:45:02,626 - __main__ - INFO - Converted dates into datetime format.
2017-10-27 14:45:02,635 - __main__ - INFO - 123 records were dropped because the project started before the year 2000.
2017-10-27 14:45:02,646 - __main__ - INFO - 445 records were dropped because the start date was recorded as later than the end date.
2017-10-27 14:45:02,659 - __main__ - INFO - There are 27 years in the data
2017-10-27 14:45:15,683 - __main__ - INFO - Imported df includes 42145 records
2017-10-27 14:45:20,997 - __main__ - INFO - Converted dates into datetime format.
2017-10-27 14:45:21,007 - __main__ - INFO - 123 records were dropped because the project started before the year 2000.
2017-10-27 14:45:21,018 - __main__ - INFO - 445 records were dropped because the start date was recorded as later than the end date.
2017-10-27 14:45:21,031 - __main__ - INFO - There are 27 years in the data
2017-10-27 14:45:21,499 - __main__ - INFO - Calculated annual spend
2017-10-27 14:46:24,033 - __main__ - INFO - Imported df includes 42145 records
2017-10-27 14:46:29,209 - __main__ - INFO - Converted dates into datetime format.
2017-10-27 14:46:29,219 - __main__ - INFO - 123 records were dropped because the project started before the year 2000.
2017-10-27 14:46:29,231 - __main__ - INFO - 445 records were dropped because the start date was recorded as later than the end date.
2017-10-27 14:46:29,244 - __main__ - INFO - There are 27 years in the data
2017-10-27 14:46:29,799 - __main__ - INFO - Calculated annual spend
2017-10-27 14:46:59,639 - __main__ - INFO - Imported df includes 42145 records
2017-10-27 14:47:04,877 - __main__ - INFO - Converted dates into datetime format.
2017-10-27 14:47:04,887 - __main__ - INFO - 123 records were dropped because the project started before the year 2000.
2017-10-27 14:47:04,899 - __main__ - INFO - 445 records were dropped because the start date was recorded as later than the end date.
2017-10-27 14:47:04,911 - __main__ - INFO - There are 27 years in the data
2017-10-27 14:47:05,506 - __main__ - INFO - Calculated annual spend
2017-10-27 14:47:37,816 - __main__ - INFO - Imported df includes 42145 records
2017-10-27 14:47:42,978 - __main__ - INFO - Converted dates into datetime format.
2017-10-27 14:47:42,990 - __main__ - INFO - 123 records were dropped because the project started before the year 2000.
2017-10-27 14:47:43,001 - __main__ - INFO - 445 records were dropped because the start date was recorded as later than the end date.
2017-10-27 14:47:43,015 - __main__ - INFO - There are 27 years in the data
2017-10-27 14:47:44,255 - __main__ - INFO - Calculated annual spend
2017-10-27 14:53:14,579 - __main__ - INFO - Imported df includes 42145 records
2017-10-27 14:53:20,853 - __main__ - INFO - Converted dates into datetime format.
2017-10-27 14:53:20,869 - __main__ - INFO - 123 records were dropped because the project started before the year 2000.
2017-10-27 14:53:20,883 - __main__ - INFO - 445 records were dropped because the start date was recorded as later than the end date.
2017-10-27 14:53:20,901 - __main__ - INFO - There are 27 years in the data
2017-10-27 14:53:21,613 - __main__ - INFO - Calculated annual spend
2017-10-27 14:53:53,367 - __main__ - INFO - Calculated summaries of data.
2017-10-27 14:54:10,509 - __main__ - INFO - Imported df includes 42145 records
2017-10-27 14:54:17,407 - __main__ - INFO - Converted dates into datetime format.
2017-10-27 14:54:17,417 - __main__ - INFO - 123 records were dropped because the project started before the year 2000.
2017-10-27 14:54:17,429 - __main__ - INFO - 445 records were dropped because the start date was recorded as later than the end date.
2017-10-27 14:54:17,443 - __main__ - INFO - There are 27 years in the data
2017-10-27 14:54:18,106 - __main__ - INFO - Calculated annual spend
2017-10-27 14:54:50,516 - __main__ - INFO - Calculated summaries of data.
2017-10-27 14:56:05,493 - __main__ - INFO - Imported df includes 42145 records
2017-10-27 14:56:11,422 - __main__ - INFO - Converted dates into datetime format.
2017-10-27 14:56:11,433 - __main__ - INFO - 123 records were dropped because the project started before the year 2000.
2017-10-27 14:56:11,445 - __main__ - INFO - 445 records were dropped because the start date was recorded as later than the end date.
2017-10-27 14:56:11,462 - __main__ - INFO - There are 27 years in the data
2017-10-27 14:56:12,157 - __main__ - INFO - Calculated annual spend
2017-10-27 14:56:46,412 - __main__ - INFO - Calculated summaries of data.
2017-10-27 15:06:44,974 - __main__ - INFO - Imported df includes 42145 records
2017-10-27 15:06:50,916 - __main__ - INFO - Converted dates into datetime format.
2017-10-27 15:06:50,928 - __main__ - INFO - 123 records were dropped because the project started before the year 2000.
2017-10-27 15:06:50,941 - __main__ - INFO - 445 records were dropped because the start date was recorded as later than the end date.
2017-10-27 15:06:50,955 - __main__ - INFO - There are 27 years in the data
2017-10-27 15:06:51,627 - __main__ - INFO - Calculated annual spend
2017-10-27 15:08:36,641 - __main__ - INFO - Imported df includes 42145 records
2017-10-27 15:08:42,765 - __main__ - INFO - Converted dates into datetime format.
2017-10-27 15:08:42,775 - __main__ - INFO - 123 records were dropped because the project started before the year 2000.
2017-10-27 15:08:42,787 - __main__ - INFO - 445 records were dropped because the start date was recorded as later than the end date.
2017-10-27 15:08:42,803 - __main__ - INFO - There are 27 years in the data
2017-10-27 15:08:43,471 - __main__ - INFO - Calculated annual spend
2017-10-27 15:09:18,385 - __main__ - INFO - Calculated summaries of data.
2017-10-27 15:11:27,841 - __main__ - INFO - Imported df includes 42145 records
2017-10-27 15:11:33,860 - __main__ - INFO - Converted dates into datetime format.
2017-10-27 15:11:33,872 - __main__ - INFO - 123 records were dropped because the project started before the year 2000.
2017-10-27 15:11:33,885 - __main__ - INFO - 445 records were dropped because the start date was recorded as later than the end date.
2017-10-27 15:11:33,904 - __main__ - INFO - There are 27 years in the data
2017-10-27 15:11:34,589 - __main__ - INFO - Calculated annual spend
2017-10-27 15:17:54,153 - __main__ - INFO - Imported df includes 42145 records
2017-10-27 15:18:00,346 - __main__ - INFO - Converted dates into datetime format.
2017-10-27 15:18:00,358 - __main__ - INFO - 123 records were dropped because the project started before the year 2000.
2017-10-27 15:18:00,371 - __main__ - INFO - 445 records were dropped because the start date was recorded as later than the end date.
2017-10-27 15:18:00,387 - __main__ - INFO - There are 27 years in the data
2017-10-27 15:18:01,085 - __main__ - INFO - Calculated annual spend
2017-10-27 15:19:48,083 - __main__ - INFO - Imported df includes 42145 records
2017-10-27 15:19:54,410 - __main__ - INFO - Converted dates into datetime format.
2017-10-27 15:19:54,422 - __main__ - INFO - 123 records were dropped because the project started before the year 2000.
2017-10-27 15:19:54,437 - __main__ - INFO - 445 records were dropped because the start date was recorded as later than the end date.
2017-10-27 15:19:54,455 - __main__ - INFO - There are 27 years in the data
2017-10-27 15:19:55,195 - __main__ - INFO - Calculated annual spend
2017-10-27 15:20:50,288 - __main__ - INFO - Imported df includes 42145 records
2017-10-27 15:20:56,569 - __main__ - INFO - Converted dates into datetime format.
2017-10-27 15:20:56,580 - __main__ - INFO - 123 records were dropped because the project started before the year 2000.
2017-10-27 15:20:56,592 - __main__ - INFO - 445 records were dropped because the start date was recorded as later than the end date.
2017-10-27 15:20:56,608 - __main__ - INFO - There are 27 years in the data
2017-10-27 15:20:57,301 - __main__ - INFO - Calculated annual spend
2017-10-27 15:21:29,758 - __main__ - INFO - Calculated summaries of data.
2017-10-27 15:23:00,423 - __main__ - INFO - Imported df includes 42145 records
2017-10-27 15:23:06,734 - __main__ - INFO - Converted dates into datetime format.
2017-10-27 15:23:06,748 - __main__ - INFO - 123 records were dropped because the project started before the year 2000.
2017-10-27 15:23:06,761 - __main__ - INFO - 445 records were dropped because the start date was recorded as later than the end date.
2017-10-27 15:23:06,777 - __main__ - INFO - There are 27 years in the data
2017-10-27 15:23:07,470 - __main__ - INFO - Calculated annual spend
2017-10-27 15:24:25,577 - __main__ - INFO - Imported df includes 42145 records
2017-10-27 15:24:31,593 - __main__ - INFO - Converted dates into datetime format.
2017-10-27 15:24:31,605 - __main__ - INFO - 123 records were dropped because the project started before the year 2000.
2017-10-27 15:24:31,618 - __main__ - INFO - 445 records were dropped because the start date was recorded as later than the end date.
2017-10-27 15:24:31,633 - __main__ - INFO - There are 27 years in the data
2017-10-27 15:24:32,303 - __main__ - INFO - Calculated annual spend
2017-10-27 15:25:17,947 - __main__ - INFO - Imported df includes 42145 records
2017-10-27 15:25:24,079 - __main__ - INFO - Converted dates into datetime format.
2017-10-27 15:25:24,091 - __main__ - INFO - 123 records were dropped because the project started before the year 2000.
2017-10-27 15:25:24,104 - __main__ - INFO - 445 records were dropped because the start date was recorded as later than the end date.
2017-10-27 15:25:24,119 - __main__ - INFO - There are 27 years in the data
2017-10-27 15:25:24,785 - __main__ - INFO - Calculated annual spend
2017-10-27 15:25:57,229 - __main__ - INFO - Calculated summaries of data.
2017-10-27 15:26:21,636 - __main__ - INFO - Imported df includes 42145 records
2017-10-27 15:26:27,614 - __main__ - INFO - Converted dates into datetime format.
2017-10-27 15:26:27,626 - __main__ - INFO - 123 records were dropped because the project started before the year 2000.
2017-10-27 15:26:27,639 - __main__ - INFO - 445 records were dropped because the start date was recorded as later than the end date.
2017-10-27 15:26:27,656 - __main__ - INFO - There are 27 years in the data
2017-10-27 15:26:28,347 - __main__ - INFO - Calculated annual spend
2017-10-27 15:27:53,947 - __main__ - INFO - Imported df includes 42145 records
2017-10-27 15:28:00,070 - __main__ - INFO - Converted dates into datetime format.
2017-10-27 15:28:00,081 - __main__ - INFO - 123 records were dropped because the project started before the year 2000.
2017-10-27 15:28:00,094 - __main__ - INFO - 445 records were dropped because the start date was recorded as later than the end date.
2017-10-27 15:28:00,110 - __main__ - INFO - There are 27 years in the data
2017-10-27 15:28:00,802 - __main__ - INFO - Calculated annual spend
2017-10-27 15:43:35,130 - __main__ - INFO - Imported df includes 4239 records
2017-10-27 15:43:35,722 - __main__ - INFO - Converted dates into datetime format.
2017-10-27 15:43:35,727 - __main__ - INFO - 14 records were dropped because the project started before the year 2000.
2017-10-27 15:43:35,729 - __main__ - INFO - 38 records were dropped because the start date was recorded as later than the end date.
2017-10-27 15:43:35,731 - __main__ - INFO - There are 24 years in the data
2017-10-27 15:43:35,922 - __main__ - INFO - Calculated annual spend
